<?xml version="1.0" encoding="UTF-8"?>
<!-- Generated by org.testng.reporters.JUnitXMLReporter -->
<testsuite ignored="0" hostname="LAPTOP-M2A8A7B6" failures="1" tests="5" name="Default test" time="0.101" errors="0" timestamp="2022-07-14T23:16:47 IST">
  <testcase classname="com.qa.TestNG.TestDataProvider" name="DataproviderTest" time="0.012"/>
  <testcase classname="com.qa.TestNG.TestDataProvider" name="DataproviderTest" time="0.002"/>
  <testcase classname="com.qa.TestNG.TestDataProvider" name="DataproviderTest" time="0.001"/>
  <testcase classname="com.qa.TestNG.TestDataProvider" name="ParameterTestII" time="0.001"/>
  <testcase classname="com.qa.TestNG.TestDataProvider" name="parameter" time="0.0">
    <failure type="org.testng.TestNGException" message="
Parameter &amp;apos;data&amp;apos; is required by @Test on method parameter but has not been marked @Optional or defined
in C:\Users\paull\AppData\Local\Temp\testng-eclipse-1495293964\testng-customsuite.xml">
      <![CDATA[org.testng.TestNGException: 
Parameter 'data' is required by @Test on method parameter but has not been marked @Optional or defined
in C:\Users\paull\AppData\Local\Temp\testng-eclipse-1495293964\testng-customsuite.xml
at org.testng.internal.Parameters.createParams(Parameters.java:267)
at org.testng.internal.Parameters.createParametersForMethod(Parameters.java:355)
at org.testng.internal.Parameters.createParameters(Parameters.java:684)
at org.testng.internal.Parameters.handleParameters(Parameters.java:888)
at org.testng.internal.Parameters.handleParameters(Parameters.java:728)
at org.testng.internal.invokers.ParameterHandler.handleParameters(ParameterHandler.java:72)
at org.testng.internal.invokers.ParameterHandler.createParameters(ParameterHandler.java:51)
at org.testng.internal.invokers.TestInvoker$MethodInvocationAgent.invoke(TestInvoker.java:917)
at org.testng.internal.invokers.TestInvoker.invokeTestMethods(TestInvoker.java:194)
at org.testng.internal.invokers.TestMethodWorker.invokeTestMethods(TestMethodWorker.java:148)
at org.testng.internal.invokers.TestMethodWorker.run(TestMethodWorker.java:128)
at java.base/java.util.ArrayList.forEach(ArrayList.java:1511)
at org.testng.TestRunner.privateRun(TestRunner.java:806)
at org.testng.TestRunner.run(TestRunner.java:601)
at org.testng.SuiteRunner.runTest(SuiteRunner.java:433)
at org.testng.SuiteRunner.runSequentially(SuiteRunner.java:427)
at org.testng.SuiteRunner.privateRun(SuiteRunner.java:387)
at org.testng.SuiteRunner.run(SuiteRunner.java:330)
at org.testng.SuiteRunnerWorker.runSuite(SuiteRunnerWorker.java:52)
at org.testng.SuiteRunnerWorker.run(SuiteRunnerWorker.java:95)
at org.testng.TestNG.runSuitesSequentially(TestNG.java:1256)
at org.testng.TestNG.runSuitesLocally(TestNG.java:1176)
at org.testng.TestNG.runSuites(TestNG.java:1099)
at org.testng.TestNG.run(TestNG.java:1067)
at org.testng.remote.AbstractRemoteTestNG.run(AbstractRemoteTestNG.java:115)
at org.testng.remote.RemoteTestNG.initAndRun(RemoteTestNG.java:251)
at org.testng.remote.RemoteTestNG.main(RemoteTestNG.java:77)
]]>
    </failure>
  </testcase> <!-- parameter -->
</testsuite> <!-- Default test -->
